\BOOKMARK [0][-]{section*.1}{\376\377\000D\000e\000c\000l\000a\000r\000a\000t\000i\000o\000n\000\040\000o\000f\000\040\000A\000u\000t\000h\000o\000r\000s\000h\000i\000p}{}% 1
\BOOKMARK [0][-]{section*.2}{\376\377\000A\000b\000s\000t\000r\000a\000c\000t}{}% 2
\BOOKMARK [0][-]{section*.3}{\376\377\000A\000c\000k\000n\000o\000w\000l\000e\000d\000g\000e\000m\000e\000n\000t\000s}{}% 3
\BOOKMARK [0][-]{chapter.11}{\376\377\000I\000n\000t\000r\000o\000d\000u\000c\000t\000i\000o\000n}{}% 4
\BOOKMARK [0][-]{chapter.12}{\376\377\000A\000r\000b\000i\000t\000r\000a\000g\000e\000\040\000T\000h\000e\000o\000r\000y\000\040\000i\000n\000\040\000C\000o\000n\000t\000i\000n\000u\000o\000u\000s\000\040\000T\000i\000m\000e\000\040\000F\000i\000n\000a\000n\000c\000e}{}% 5
\BOOKMARK [1][-]{section.13}{\376\377\000F\000i\000n\000a\000n\000c\000i\000a\000l\000\040\000M\000a\000r\000k\000e\000t\000s}{chapter.12}% 6
\BOOKMARK [2][-]{subsection.15}{\376\377\000C\000o\000n\000t\000i\000n\000g\000e\000n\000t\000\040\000C\000l\000a\000i\000m\000s}{section.13}% 7
\BOOKMARK [2][-]{subsection.21}{\376\377\000S\000e\000l\000f\000-\000f\000i\000n\000a\000n\000c\000i\000n\000g\000\040\000P\000o\000r\000t\000f\000o\000l\000i\000o\000\040\000\050\000W\000i\000t\000h\000o\000u\000t\000\040\000C\000o\000n\000s\000u\000m\000p\000t\000i\000o\000n\000\051}{section.13}% 8
\BOOKMARK [2][-]{subsection.24}{\376\377\000A\000r\000b\000i\000t\000r\000a\000g\000e}{section.13}% 9
\BOOKMARK [2][-]{subsection.26}{\376\377\000C\000o\000m\000p\000l\000e\000t\000e\000\040\000M\000a\000r\000k\000e\000t\000\040\000a\000n\000d\000\040\000R\000e\000p\000l\000i\000c\000a\000t\000i\000o\000n}{section.13}% 10
\BOOKMARK [1][-]{section.30}{\376\377\000M\000u\000l\000t\000i\000d\000i\000m\000e\000n\000s\000i\000o\000n\000a\000l\000\040\000M\000o\000d\000e\000l\000s}{chapter.12}% 11
\BOOKMARK [2][-]{subsection.31}{\376\377\000M\000o\000d\000e\000l\000\040\000A\000s\000s\000u\000m\000p\000t\000i\000o\000n\000s}{section.30}% 12
\BOOKMARK [2][-]{subsection.37}{\376\377\000A\000r\000b\000i\000t\000r\000a\000g\000e\000-\000f\000r\000e\000e\000\040\000M\000o\000d\000e\000l}{section.30}% 13
\BOOKMARK [2][-]{subsection.45}{\376\377\000C\000o\000m\000p\000l\000e\000t\000e\000\040\000m\000o\000d\000e\000l}{section.30}% 14
\BOOKMARK [2][-]{subsection.49}{\376\377\000P\000r\000i\000c\000i\000n\000g\000\040\000a\000n\000d\000\040\000C\000o\000n\000n\000e\000c\000t\000i\000o\000n\000\040\000t\000o\000\040\000C\000l\000a\000s\000s\000i\000c\000a\000l\000\040\000A\000p\000p\000r\000o\000a\000c\000h}{section.30}% 15
\BOOKMARK [1][-]{section.56}{\376\377\000C\000l\000a\000s\000s\000i\000c\000a\000l\000\040\000B\000l\000a\000c\000k\000-\000S\000c\000h\000o\000l\000e\000s\000\040\000T\000h\000e\000o\000r\000y}{chapter.12}% 16
\BOOKMARK [1][-]{section.63}{\376\377\000A\000m\000e\000r\000i\000c\000a\000n\000\040\000O\000p\000t\000i\000o\000n\000s\000\040\000a\000n\000d\000\040\000O\000p\000t\000i\000m\000a\000l\000\040\000S\000t\000o\000p\000p\000i\000n\000g}{chapter.12}% 17
\BOOKMARK [2][-]{subsection.69}{\376\377\000A\000m\000e\000r\000i\000c\000a\000n\000\040\000C\000a\000l\000l\000\040\000w\000i\000t\000h\000o\000u\000t\000\040\000D\000i\000v\000i\000d\000e\000n\000d\000s}{section.63}% 18
\BOOKMARK [2][-]{subsection.70}{\376\377\000A\000m\000e\000r\000i\000c\000a\000n\000\040\000P\000u\000t}{section.63}% 19
\BOOKMARK [2][-]{subsection.75}{\376\377\000D\000i\000s\000c\000r\000e\000t\000e\000\040\000T\000i\000m\000e\000\040\000V\000a\000l\000u\000a\000t\000i\000o\000n}{section.63}% 20
\BOOKMARK [0][-]{chapter.82}{\376\377\000C\000l\000a\000s\000s\000i\000c\000a\000l\000\040\000N\000u\000m\000e\000r\000i\000c\000a\000l\000\040\000P\000r\000i\000c\000i\000n\000g\000\040\000M\000e\000t\000h\000o\000d\000s\000\040\000a\000n\000d\000\040\000C\000l\000o\000s\000e\000d\000\040\000F\000o\000r\000m\000\040\000S\000o\000l\000u\000t\000i\000o\000n\000s}{}% 21
\BOOKMARK [1][-]{section.83}{\376\377\000C\000o\000x\000\040\000R\000o\000s\000s\000\040\000R\000u\000b\000e\000n\000s\000t\000e\000i\000n\000\040\000M\000o\000d\000e\000l}{chapter.82}% 22
\BOOKMARK [1][-]{section.91}{\376\377\000B\000i\000n\000o\000m\000i\000a\000l\000\040\000L\000a\000t\000t\000i\000c\000e\000\040\000M\000o\000d\000e\000l\000\040\000f\000o\000r\000\040\000M\000u\000l\000t\000i\000v\000a\000r\000i\000a\000t\000e\000\040\000C\000o\000n\000t\000i\000n\000g\000e\000n\000t\000\040\000C\000l\000a\000i\000m\000s}{chapter.82}% 23
\BOOKMARK [1][-]{section.95}{\376\377\000L\000e\000a\000s\000t\000\040\000S\000q\000u\000a\000r\000e\000s\000\040\000M\000o\000n\000t\000e\000\040\000C\000a\000r\000l\000o\000\040\000M\000e\000t\000h\000o\000d}{chapter.82}% 24
\BOOKMARK [2][-]{subsection.96}{\376\377\000T\000h\000e\000\040\000A\000l\000g\000o\000r\000i\000t\000h\000m}{section.95}% 25
\BOOKMARK [2][-]{subsection.102}{\376\377\000A\000m\000e\000r\000i\000c\000a\000n\000\040\000P\000u\000t}{section.95}% 26
\BOOKMARK [2][-]{subsection.108}{\376\377\000L\000S\000M\000\040\000E\000x\000t\000e\000n\000s\000i\000o\000n\000\040\000t\000o\000\040\000M\000u\000l\000t\000i\000v\000a\000r\000i\000a\000t\000e\000\040\000C\000o\000n\000t\000i\000n\000g\000e\000n\000t\000\040\000C\000l\000a\000i\000m\000s}{section.95}% 27
\BOOKMARK [1][-]{section.109}{\376\377\000C\000l\000o\000s\000e\000d\000\040\000F\000o\000r\000m\000\040\000S\000o\000l\000u\000t\000i\000o\000n\000s\000\040\000f\000o\000r\000\040\000E\000u\000r\000o\000p\000e\000a\000n\000\040\000E\000x\000o\000t\000i\000c\000\040\000O\000p\000t\000i\000o\000n\000s}{chapter.82}% 28
\BOOKMARK [2][-]{subsection.110}{\376\377\000G\000e\000o\000m\000e\000t\000r\000i\000c\000\040\000M\000e\000a\000n\000\040\000B\000a\000s\000k\000e\000t\000\040\000C\000a\000l\000l\000\040\000O\000p\000t\000i\000o\000n}{section.109}% 29
\BOOKMARK [2][-]{subsection.112}{\376\377\000O\000p\000t\000i\000o\000n\000s\000\040\000o\000n\000\040\000t\000h\000e\000\040\000M\000a\000x\000i\000m\000u\000m\000\040\000o\000r\000\040\000t\000h\000e\000\040\000M\000i\000n\000i\000m\000u\000m\000\040\000o\000f\000\040\000S\000e\000v\000e\000r\000a\000l\000\040\000A\000s\000s\000e\000t\000s}{section.109}% 30
\BOOKMARK [3][-]{subsubsection.113}{\376\377\000B\000e\000s\000t\000\040\000o\000f\000\040\000A\000s\000s\000e\000t\000s\000\040\000o\000r\000\040\000C\000a\000s\000h}{subsection.112}% 31
\BOOKMARK [3][-]{subsubsection.118}{\376\377\000C\000a\000l\000l\000\040\000o\000n\000\040\000M\000a\000x\000\040\000a\000n\000d\000\040\000C\000a\000l\000l\000\040\000o\000n\000\040\000M\000i\000n}{subsection.112}% 32
\BOOKMARK [0][-]{chapter.121}{\376\377\000D\000e\000e\000p\000\040\000L\000e\000a\000r\000n\000i\000n\000g}{}% 33
\BOOKMARK [1][-]{section.122}{\376\377\000M\000a\000c\000h\000i\000n\000e\000\040\000L\000e\000a\000r\000n\000i\000n\000g\000\040\000B\000a\000s\000i\000c\000s}{chapter.121}% 34
\BOOKMARK [1][-]{section.123}{\376\377\000M\000u\000l\000t\000i\000l\000a\000y\000e\000r\000\040\000P\000e\000r\000c\000e\000p\000t\000r\000o\000n\000s}{chapter.121}% 35
\BOOKMARK [2][-]{subsection.124}{\376\377\000A\000\040\000S\000i\000n\000g\000l\000e\000\040\000N\000e\000u\000r\000o\000n}{section.123}% 36
\BOOKMARK [3][-]{subsubsection.127}{\376\377\000A\000c\000t\000i\000v\000a\000t\000i\000o\000n\000\040\000F\000u\000n\000c\000t\000i\000o\000n\000s}{subsection.124}% 37
\BOOKMARK [2][-]{subsection.128}{\376\377\000A\000r\000c\000h\000i\000t\000e\000c\000t\000u\000r\000e\000\040\000o\000f\000\040\000M\000L\000P}{section.123}% 38
\BOOKMARK [2][-]{subsection.131}{\376\377\000T\000r\000a\000i\000n\000i\000n\000g\000\040\000t\000h\000e\000\040\000N\000e\000t\000w\000o\000r\000k}{section.123}% 39
\BOOKMARK [2][-]{subsection.132}{\376\377\000R\000e\000g\000u\000l\000a\000r\000i\000z\000a\000t\000i\000o\000n}{section.123}% 40
\BOOKMARK [0][-]{chapter.133}{\376\377\000O\000p\000t\000i\000o\000n\000\040\000P\000r\000i\000c\000i\000n\000g\000\040\000a\000n\000d\000\040\000D\000e\000e\000p\000\040\000L\000e\000a\000r\000n\000i\000n\000g}{}% 41
\BOOKMARK [1][-]{section.134}{\376\377\000M\000u\000l\000t\000i\000l\000a\000y\000e\000r\000\040\000P\000e\000r\000c\000e\000p\000t\000r\000o\000n\000s\000\040\000R\000e\000g\000r\000e\000s\000s\000i\000o\000n\000\040\000f\000o\000r\000\040\000O\000p\000t\000i\000m\000a\000l\000\040\000S\000t\000o\000p\000p\000i\000n\000g}{chapter.133}% 42
\BOOKMARK [2][-]{subsection.135}{\376\377\000R\000e\000c\000a\000p\000\040\000M\000L\000P}{section.134}% 43
\BOOKMARK [2][-]{subsection.138}{\376\377\000T\000h\000e\000\040\000A\000l\000g\000o\000r\000i\000t\000h\000m}{section.134}% 44
\BOOKMARK [1][-]{section.139}{\376\377\000M\000u\000l\000t\000i\000l\000a\000y\000e\000r\000\040\000P\000e\000r\000c\000e\000p\000t\000r\000o\000n\000s\000\040\000R\000e\000g\000r\000e\000s\000s\000i\000o\000n\000\040\000P\000r\000i\000c\000i\000n\000g\000\040\000f\000r\000o\000m\000\040\000E\000x\000i\000s\000t\000i\000n\000g\000\040\000M\000e\000t\000h\000o\000d\000s}{chapter.133}% 45
\BOOKMARK [2][-]{subsection.140}{\376\377\000D\000a\000t\000a}{section.139}% 46
\BOOKMARK [2][-]{subsection.146}{\376\377\000T\000r\000a\000i\000n\000i\000n\000g}{section.139}% 47
\BOOKMARK [3][-]{subsubsection.147}{\376\377\000H\000y\000p\000e\000r\000p\000a\000r\000a\000m\000e\000t\000e\000r\000\040\000T\000u\000n\000i\000n\000g}{subsection.146}% 48
\BOOKMARK [3][-]{subsubsection.150}{\376\377\000P\000o\000l\000y\000n\000o\000m\000i\000a\000l\000\040\000R\000e\000g\000r\000e\000s\000s\000i\000o\000n}{subsection.146}% 49
\BOOKMARK [2][-]{subsection.153}{\376\377\000P\000e\000r\000f\000o\000r\000m\000a\000n\000c\000e}{section.139}% 50
\BOOKMARK [3][-]{subsubsection.154}{\376\377\000E\000u\000r\000o\000p\000e\000a\000n\000\040\000C\000a\000l\000l\000\040\000O\000p\000t\000i\000o\000n}{subsection.153}% 51
\BOOKMARK [3][-]{subsubsection.158}{\376\377\000A\000m\000e\000r\000i\000c\000a\000n\000\040\000P\000u\000t\000\040\000O\000p\000t\000i\000o\000n}{subsection.153}% 52
\BOOKMARK [3][-]{subsubsection.161}{\376\377\000A\000m\000e\000r\000i\000c\000a\000n\000\040\000P\000u\000t\000\040\000o\000n\000\040\000M\000i\000n\000i\000m\000u\000m\000\040\000o\000f\000\040\000t\000w\000o\000\040\000A\000s\000s\000e\000t\000s\000\040\000O\000p\000t\000i\000o\000n}{subsection.153}% 53
\BOOKMARK [0][-]{chapter.164}{\376\377\000N\000u\000m\000e\000r\000i\000c\000a\000l\000\040\000I\000n\000v\000e\000s\000t\000i\000g\000a\000t\000i\000o\000n\000\040\000a\000n\000d\000\040\000D\000i\000s\000c\000u\000s\000s\000i\000o\000n}{}% 54
\BOOKMARK [1][-]{section.166}{\376\377\000E\000u\000r\000o\000p\000e\000a\000n\000\040\000O\000p\000t\000i\000o\000n\000s}{chapter.164}% 55
\BOOKMARK [1][-]{section.171}{\376\377\000A\000m\000e\000r\000i\000c\000a\000n\000\040\000P\000u\000t\000\040\000O\000p\000t\000i\000o\000n}{chapter.164}% 56
\BOOKMARK [1][-]{section.182}{\376\377\000A\000m\000e\000r\000i\000c\000a\000n\000\040\000P\000u\000t\000\040\000M\000i\000n\000i\000m\000u\000m\000\040\000o\000n\000\040\000t\000w\000o\000\040\000A\000s\000s\000e\000t\000s\000\040\000O\000p\000t\000i\000o\000n}{chapter.164}% 57
\BOOKMARK [1][-]{section.186}{\376\377\000D\000i\000s\000c\000u\000s\000s\000i\000o\000n\000\040\000o\000f\000\040\000P\000r\000i\000c\000i\000n\000g\000\040\000M\000e\000t\000h\000o\000d\000s}{chapter.164}% 58
\BOOKMARK [1][-]{section.191}{\376\377\000D\000i\000s\000c\000u\000s\000s\000i\000o\000n\000\040\000o\000f\000\040\000t\000h\000e\000\040\000B\000l\000a\000c\000k\000-\000S\000c\000h\000o\000l\000e\000s\000\040\000m\000o\000d\000e\000l}{chapter.164}% 59
\BOOKMARK [0][-]{chapter.194}{\376\377\000C\000o\000n\000c\000l\000u\000s\000i\000o\000n\000\040\000a\000n\000d\000\040\000F\000u\000r\000t\000h\000e\000r\000\040\000I\000n\000v\000e\000s\000t\000i\000g\000a\000t\000i\000o\000n}{}% 60
\BOOKMARK [1][-]{section.195}{\376\377\000C\000o\000n\000c\000l\000u\000s\000i\000o\000n}{chapter.194}% 61
\BOOKMARK [1][-]{section.196}{\376\377\000F\000u\000r\000t\000h\000e\000r\000\040\000I\000n\000v\000e\000s\000t\000i\000g\000a\000t\000i\000o\000n}{chapter.194}% 62
\BOOKMARK [0][-]{appendix.197}{\376\377\000S\000t\000o\000c\000h\000a\000s\000t\000i\000c\000\040\000C\000a\000l\000c\000u\000l\000u\000s\000\040\000a\000n\000d\000\040\000P\000r\000o\000b\000a\000b\000i\000l\000i\000t\000y\000\040\000T\000h\000e\000o\000r\000y}{}% 63
\BOOKMARK [0][-]{appendix.208}{\376\377\000C\000o\000d\000e\000\040\000I\000m\000p\000l\000e\000m\000e\000n\000t\000a\000t\000i\000o\000n}{}% 64
\BOOKMARK [0][-]{appendix.211}{\376\377\000A\000d\000d\000i\000t\000i\000o\000n\000a\000l\000\040\000M\000a\000t\000e\000r\000i\000a\000l\000\040\000f\000o\000r\000\040\000C\000R\000R\000,\000\040\000L\000S\000M\000,\000\040\000a\000n\000d\000\040\000M\000L\000P\000\040\000I}{}% 65
\BOOKMARK [1][-]{section.212}{\376\377\000M\000o\000m\000e\000n\000t\000\040\000M\000a\000t\000c\000h\000i\000n\000g\000\040\000C\000R\000R}{appendix.211}% 66
\BOOKMARK [1][-]{section.216}{\376\377\000C\000o\000n\000v\000e\000r\000g\000e\000n\000c\000e\000\040\000f\000o\000r\000\040\000L\000S\000M\000\040\000a\000n\000d\000\040\000M\000L\000P\000\040\000I}{appendix.211}% 67
\BOOKMARK [2][-]{subsection.217}{\376\377\000L\000S\000M}{section.216}% 68
\BOOKMARK [2][-]{subsection.220}{\376\377\000M\000L\000P\000\040\000I}{section.216}% 69
\BOOKMARK [1][-]{section.224}{\376\377\000L\000S\000M\000\040\000L\000o\000w\000e\000r\000\040\000B\000o\000u\000n\000d}{appendix.211}% 70
\BOOKMARK [0][-]{appendix.226}{\376\377\000A\000d\000d\000i\000t\000i\000o\000n\000a\000l\000\040\000T\000a\000b\000l\000e\000s\000\040\000a\000n\000d\000\040\000F\000i\000g\000u\000r\000e\000s}{}% 71
\BOOKMARK [1][-]{section.227}{\376\377\000T\000a\000b\000l\000e\000s}{appendix.226}% 72
\BOOKMARK [1][-]{section.230}{\376\377\000F\000i\000g\000u\000r\000e\000s}{appendix.226}% 73
\BOOKMARK [0][-]{appendix*.237}{\376\377\000B\000i\000b\000l\000i\000o\000g\000r\000a\000p\000h\000y}{}% 74
