\BOOKMARK [0][-]{section*.1}{\376\377\000D\000e\000c\000l\000a\000r\000a\000t\000i\000o\000n\000\040\000o\000f\000\040\000A\000u\000t\000h\000o\000r\000s\000h\000i\000p}{}% 1
\BOOKMARK [0][-]{section*.2}{\376\377\000A\000b\000s\000t\000r\000a\000c\000t}{}% 2
\BOOKMARK [0][-]{section*.3}{\376\377\000A\000c\000k\000n\000o\000w\000l\000e\000d\000g\000e\000m\000e\000n\000t\000s}{}% 3
\BOOKMARK [0][-]{chapter.12}{\376\377\000I\000n\000t\000r\000o\000d\000u\000c\000t\000i\000o\000n}{}% 4
\BOOKMARK [0][-]{chapter.13}{\376\377\000A\000r\000b\000i\000t\000r\000a\000g\000e\000\040\000T\000h\000e\000o\000r\000y\000\040\000I\000n\000\040\000C\000o\000n\000t\000i\000n\000u\000o\000u\000s\000\040\000T\000i\000m\000e\000\040\000F\000i\000n\000a\000n\000c\000e}{}% 5
\BOOKMARK [1][-]{section.14}{\376\377\000F\000i\000n\000a\000n\000c\000i\000a\000l\000\040\000M\000a\000r\000k\000e\000t\000s}{chapter.13}% 6
\BOOKMARK [2][-]{subsection.16}{\376\377\000F\000i\000n\000a\000n\000c\000i\000a\000l\000\040\000D\000e\000r\000i\000v\000a\000t\000i\000v\000e\000s}{section.14}% 7
\BOOKMARK [2][-]{subsection.23}{\376\377\000S\000e\000l\000f\000-\000f\000i\000n\000a\000n\000c\000i\000n\000g\000\040\000P\000o\000r\000t\000f\000o\000l\000i\000o\000\040\000\050\000W\000i\000t\000h\000o\000u\000t\000\040\000C\000o\000n\000s\000u\000m\000p\000t\000i\000o\000n\000\051}{section.14}% 8
\BOOKMARK [2][-]{subsection.28}{\376\377\000A\000r\000b\000i\000t\000r\000a\000g\000e}{section.14}% 9
\BOOKMARK [2][-]{subsection.31}{\376\377\000C\000o\000m\000p\000l\000e\000t\000e\000\040\000M\000a\000r\000k\000e\000t\000\040\000A\000n\000d\000\040\000H\000e\000d\000g\000i\000n\000g}{section.14}% 10
\BOOKMARK [1][-]{section.33}{\376\377\000M\000u\000l\000t\000i\000d\000i\000m\000e\000n\000s\000i\000o\000n\000a\000l\000\040\000M\000o\000d\000e\000l\000s}{chapter.13}% 11
\BOOKMARK [2][-]{subsection.34}{\376\377\000M\000o\000d\000e\000l\000\040\000A\000s\000s\000u\000m\000p\000t\000i\000o\000n\000s}{section.33}% 12
\BOOKMARK [2][-]{subsection.38}{\376\377\000A\000r\000b\000i\000t\000r\000a\000g\000e\000\040\000F\000r\000e\000e\000\040\000M\000o\000d\000e\000l}{section.33}% 13
\BOOKMARK [2][-]{subsection.46}{\376\377\000C\000o\000m\000p\000l\000e\000t\000e\000\040\000m\000o\000d\000e\000l}{section.33}% 14
\BOOKMARK [2][-]{subsection.49}{\376\377\000P\000r\000i\000c\000i\000n\000g\000\040\000a\000n\000d\000\040\000c\000o\000n\000n\000e\000c\000t\000i\000o\000n\000\040\000t\000o\000\040\000c\000l\000a\000s\000s\000i\000c\000a\000l\000\040\000a\000p\000p\000r\000o\000a\000c\000h}{section.33}% 15
\BOOKMARK [1][-]{section.56}{\376\377\000C\000l\000a\000s\000s\000i\000c\000a\000l\000\040\000B\000l\000a\000c\000k\000-\000S\000c\000h\000o\000l\000e\000s\000\040\000F\000o\000r\000m\000u\000l\000a\000s}{chapter.13}% 16
\BOOKMARK [1][-]{section.63}{\376\377\000A\000m\000e\000r\000i\000c\000a\000n\000\040\000O\000p\000t\000i\000o\000n\000s\000\040\000A\000n\000d\000\040\000O\000p\000t\000i\000m\000a\000l\000\040\000S\000t\000o\000p\000p\000i\000n\000g}{chapter.13}% 17
\BOOKMARK [2][-]{subsection.70}{\376\377\000A\000m\000e\000r\000i\000c\000a\000n\000\040\000C\000a\000l\000l\000\040\000W\000i\000t\000h\000o\000u\000t\000\040\000D\000i\000v\000i\000d\000e\000n\000d\000s}{section.63}% 18
\BOOKMARK [2][-]{subsection.71}{\376\377\000A\000m\000e\000r\000i\000c\000a\000n\000\040\000P\000u\000t}{section.63}% 19
\BOOKMARK [0][-]{chapter.72}{\376\377\000C\000l\000a\000s\000s\000i\000c\000a\000l\000\040\000n\000u\000m\000e\000r\000i\000c\000a\000l\000\040\000r\000e\000s\000u\000l\000t\000s\000\040\000a\000n\000d\000\040\000B\000e\000n\000c\000h\000m\000a\000r\000k\000s}{}% 20
\BOOKMARK [1][-]{section.73}{\376\377\000B\000i\000n\000o\000m\000i\000a\000l\000\040\000P\000r\000i\000c\000i\000n\000g\000\040\000M\000o\000d\000e\000l}{chapter.72}% 21
\BOOKMARK [2][-]{subsection.75}{\376\377\000M\000a\000t\000h\000e\000m\000a\000t\000i\000c\000s\000\040\000i\000n\000\040\000B\000i\000n\000o\000m\000i\000a\000l\000\040\000v\000a\000l\000u\000a\000t\000i\000o\000n\000\040\000m\000o\000d\000e\000l}{section.73}% 22
\BOOKMARK [1][-]{section.79}{\376\377\000L\000e\000a\000s\000t\000\040\000S\000q\000u\000a\000r\000e\000\040\000M\000o\000n\000t\000e\000\040\000C\000a\000r\000l\000o\000\040\000M\000e\000t\000h\000o\000d}{chapter.72}% 23
\BOOKMARK [2][-]{subsection.82}{\376\377\000L\000S\000M\000\040\000m\000e\000t\000h\000o\000d\000\040\000f\000o\000r\000\040\000a\000n\000\040\000A\000m\000e\000r\000i\000c\000a\000n\000\040\000p\000u\000t}{section.79}% 24
\BOOKMARK [2][-]{subsection.85}{\376\377\000N\000u\000m\000e\000r\000i\000c\000a\000l\000\040\000r\000e\000s\000u\000l\000t\000s}{section.79}% 25
\BOOKMARK [1][-]{section.87}{\376\377\000B\000e\000n\000c\000h\000m\000a\000r\000k\000s\000\040\000i\000n\000\040\000h\000i\000g\000h\000e\000r\000\040\000d\000i\000m\000e\000n\000s\000i\000o\000n\000s}{chapter.72}% 26
\BOOKMARK [2][-]{subsection.88}{\376\377\000A\000n\000a\000l\000y\000t\000i\000c\000a\000l\000\040\000f\000o\000r\000m\000u\000l\000a\000s\000\040\000f\000o\000r\000\040\000R\000a\000i\000n\000b\000o\000w\000\040\000o\000p\000t\000i\000o\000n\000s}{section.87}% 27
\BOOKMARK [3][-]{subsubsection.89}{\376\377\000G\000e\000o\000m\000e\000t\000r\000i\000c\000\040\000b\000a\000s\000k\000e\000t\000\040\000c\000a\000l\000l\000\040\000o\000p\000t\000i\000o\000n}{subsection.88}% 28
\BOOKMARK [3][-]{subsubsection.94}{\376\377\000O\000p\000t\000i\000o\000n\000s\000\040\000o\000n\000\040\000t\000h\000e\000\040\000M\000a\000x\000i\000m\000u\000m\000\040\000o\000r\000\040\000t\000h\000e\000\040\000M\000i\000n\000i\000m\000u\000m\000\040\000o\000f\000\040\000S\000e\000v\000e\000r\000a\000l\000\040\000A\000s\000s\000e\000t\000s}{subsection.88}% 29
\BOOKMARK [4][-]{paragraph.95}{\376\377\000B\000e\000s\000t\000\040\000o\000f\000\040\000a\000s\000s\000e\000t\000s\000\040\000o\000r\000\040\000c\000a\000s\000h}{subsubsection.94}% 30
\BOOKMARK [4][-]{paragraph.102}{\376\377\000C\000a\000l\000l\000\040\000o\000n\000\040\000m\000a\000x\000\040\000a\000n\000d\000\040\000c\000a\000l\000l\000\040\000o\000n\000\040\000m\000i\000n}{subsubsection.94}% 31
\BOOKMARK [2][-]{subsection.104}{\376\377\000L\000a\000t\000t\000i\000c\000e\000\040\000a\000p\000p\000r\000o\000a\000c\000h\000\040\000f\000o\000r\000\040\000m\000u\000l\000t\000i\000v\000a\000r\000i\000a\000t\000e\000\040\000c\000o\000n\000t\000i\000n\000g\000e\000n\000t\000\040\000c\000l\000a\000i\000m\000s}{section.87}% 32
\BOOKMARK [0][-]{chapter.105}{\376\377\000D\000e\000e\000p\000\040\000L\000e\000a\000r\000n\000i\000n\000g}{}% 33
\BOOKMARK [1][-]{section.106}{\376\377\000M\000u\000l\000t\000i\000l\000a\000y\000e\000r\000\040\000P\000e\000r\000c\000e\000p\000t\000r\000o\000n\000s}{chapter.105}% 34
\BOOKMARK [2][-]{subsection.107}{\376\377\000A\000\040\000S\000i\000n\000g\000l\000e\000\040\000N\000e\000u\000r\000o\000n}{section.106}% 35
\BOOKMARK [3][-]{subsubsection.110}{\376\377\000A\000c\000t\000i\000v\000a\000t\000i\000o\000n\000\040\000f\000u\000n\000c\000t\000i\000o\000n\000s}{subsection.107}% 36
\BOOKMARK [2][-]{subsection.111}{\376\377\000A\000r\000c\000h\000i\000t\000e\000c\000t\000u\000r\000e\000\040\000O\000f\000\040\000M\000L\000P\000s}{section.106}% 37
\BOOKMARK [2][-]{subsection.116}{\376\377\000T\000r\000a\000i\000n\000i\000n\000g\000\040\000T\000h\000e\000\040\000N\000e\000t\000w\000o\000r\000k}{section.106}% 38
\BOOKMARK [2][-]{subsection.117}{\376\377\000R\000e\000g\000u\000l\000a\000r\000i\000z\000a\000t\000i\000o\000n}{section.106}% 39
\BOOKMARK [0][-]{chapter.118}{\376\377\000O\000p\000t\000i\000o\000n\000\040\000P\000r\000i\000c\000i\000n\000g\000\040\000A\000n\000d\000\040\000D\000e\000e\000p\000\040\000L\000e\000a\000r\000n\000i\000n\000g}{}% 40
\BOOKMARK [1][-]{section.119}{\376\377\000M\000u\000l\000t\000i\000l\000a\000y\000e\000r\000\040\000P\000e\000r\000c\000e\000p\000t\000r\000o\000n\000s\000\040\000R\000e\000g\000r\000e\000s\000s\000i\000o\000n\000\040\000F\000o\000r\000\040\000E\000u\000r\000o\000p\000e\000a\000n\000\040\000O\000p\000t\000i\000o\000n\000s}{chapter.118}% 41
\BOOKMARK [2][-]{subsection.120}{\376\377\000D\000a\000t\000a}{section.119}% 42
\BOOKMARK [2][-]{subsection.123}{\376\377\000T\000r\000a\000i\000n\000i\000n\000g}{section.119}% 43
\BOOKMARK [3][-]{subsubsection.124}{\376\377\000H\000y\000p\000e\000r\000p\000a\000r\000a\000m\000e\000t\000e\000r\000\040\000T\000u\000n\000i\000n\000g}{subsection.123}% 44
\BOOKMARK [2][-]{subsection.126}{\376\377\000M\000o\000d\000e\000l\000\040\000P\000e\000r\000f\000o\000r\000m\000a\000n\000c\000e\000\040\000I\000n\000-\000S\000a\000m\000p\000l\000e}{section.119}% 45
\BOOKMARK [2][-]{subsection.129}{\376\377\000P\000o\000l\000y\000n\000o\000m\000i\000a\000l\000\040\000R\000e\000g\000r\000e\000s\000s\000i\000o\000n}{section.119}% 46
\BOOKMARK [2][-]{subsection.132}{\376\377\000O\000u\000t\000\040\000o\000f\000\040\000s\000a\000m\000p\000l\000e\000\040\000p\000r\000e\000d\000i\000c\000t\000i\000o\000n\000s}{section.119}% 47
\BOOKMARK [1][-]{section.137}{\376\377\000M\000u\000l\000t\000i\000l\000a\000y\000e\000r\000\040\000P\000e\000r\000c\000e\000p\000t\000r\000o\000n\000s\000\040\000R\000e\000g\000r\000e\000s\000s\000i\000o\000n\000\040\000F\000o\000r\000\040\000A\000m\000e\000r\000i\000c\000a\000n\000\040\000O\000p\000t\000i\000o\000n\000s}{chapter.118}% 48
\BOOKMARK [2][-]{subsection.138}{\376\377\000D\000a\000t\000a}{section.137}% 49
\BOOKMARK [2][-]{subsection.141}{\376\377\000O\000p\000t\000i\000m\000i\000z\000a\000t\000i\000o\000n\000\040\000a\000n\000d\000\040\000c\000o\000s\000t\000\040\000f\000u\000n\000c\000t\000i\000o\000n}{section.137}% 50
\BOOKMARK [2][-]{subsection.142}{\376\377\000M\000o\000d\000e\000l\000\040\000P\000e\000r\000f\000o\000r\000m\000a\000n\000c\000e}{section.137}% 51
\BOOKMARK [1][-]{section.148}{\376\377\000M\000u\000l\000t\000i\000l\000a\000y\000e\000r\000\040\000P\000e\000r\000c\000e\000p\000t\000r\000o\000n\000s\000\040\000R\000e\000g\000r\000e\000s\000s\000i\000o\000n\000\040\000F\000o\000r\000\040\000E\000u\000r\000o\000p\000e\000a\000n\000\040\000B\000a\000s\000k\000e\000t\000\040\000C\000a\000l\000l\000\040\000M\000a\000x}{chapter.118}% 52
\BOOKMARK [1][-]{section.149}{\376\377\000M\000u\000l\000t\000i\000l\000a\000y\000e\000r\000\040\000P\000e\000r\000c\000e\000p\000t\000r\000o\000n\000s\000\040\000R\000e\000g\000r\000e\000s\000s\000i\000o\000n\000\040\000F\000o\000r\000\040\000O\000p\000t\000i\000m\000a\000l\000\040\000S\000t\000o\000p\000p\000i\000n\000g}{chapter.118}% 53
\BOOKMARK [0][-]{chapter.150}{\376\377\000D\000i\000s\000c\000u\000s\000s\000i\000o\000n\000\040\000a\000n\000d\000\040\000F\000u\000r\000t\000h\000e\000r\000\040\000I\000n\000v\000e\000s\000t\000i\000g\000a\000t\000i\000o\000n}{}% 54
\BOOKMARK [1][-]{section.151}{\376\377\000M\000a\000i\000n\000\040\000S\000e\000c\000t\000i\000o\000n\000\040\0001}{chapter.150}% 55
\BOOKMARK [2][-]{subsection.152}{\376\377\000S\000u\000b\000s\000e\000c\000t\000i\000o\000n\000\040\0001}{section.151}% 56
\BOOKMARK [2][-]{subsection.153}{\376\377\000S\000u\000b\000s\000e\000c\000t\000i\000o\000n\000\040\0002}{section.151}% 57
\BOOKMARK [1][-]{section.154}{\376\377\000M\000a\000i\000n\000\040\000S\000e\000c\000t\000i\000o\000n\000\040\0002}{chapter.150}% 58
\BOOKMARK [0][-]{chapter.155}{\376\377\000C\000o\000n\000c\000l\000u\000s\000i\000o\000n}{}% 59
\BOOKMARK [1][-]{section.156}{\376\377\000M\000a\000i\000n\000\040\000S\000e\000c\000t\000i\000o\000n\000\040\0001}{chapter.155}% 60
\BOOKMARK [2][-]{subsection.157}{\376\377\000S\000u\000b\000s\000e\000c\000t\000i\000o\000n\000\040\0001}{section.156}% 61
\BOOKMARK [0][-]{appendix.158}{\376\377\000O\000p\000t\000i\000o\000n\000\040\000c\000o\000n\000t\000r\000a\000c\000t\000s}{}% 62
\BOOKMARK [1][-]{section.159}{\376\377\000E\000u\000r\000o\000p\000e\000a\000n\000\040\000C\000a\000l\000l\000\040\000a\000n\000d\000\040\000P\000u\000t}{appendix.158}% 63
\BOOKMARK [0][-]{appendix.162}{\376\377\000M\000a\000t\000h\000e\000m\000a\000t\000i\000c\000a\000l\000\040\000r\000e\000s\000u\000l\000t\000s\000\040\000a\000n\000d\000\040\000d\000e\000f\000i\000n\000i\000t\000i\000o\000n\000s}{}% 64
\BOOKMARK [0][-]{appendix*.172}{\376\377\000B\000i\000b\000l\000i\000o\000g\000r\000a\000p\000h\000y}{}% 65
